Using pre-set license
Built from '2020.3/staging' branch; Version is '2020.3.8f1 (507919d4fff5) revision 5273881'; Using compiler version '192528614'; Build Type 'Release'
OS: 'Windows 10 Home; OS build 19042.1288; Version 2009; 64bit' Language: 'en' Physical Memory: 16202 MB
BatchMode: 1, IsHumanControllingUs: 0, StartBugReporterOnCrash: 0, Is64bit: 1, IsPro: 0

 COMMAND LINE ARGUMENTS:
C:\Users\ahmet\AppData\Roaming\Microsoft\Windows\Start Menu\Programs\Visual Studio Code\2020.3.8f1\Editor\Unity.exe
-adb2
-batchMode
-noUpm
-name
AssetImportWorker0
-projectPath
C:/Users/ahmet/OneDrive/Desktop/Unity/Junior Programmer Course/Mission 4/Final Game
-logFile
Logs/AssetImportWorker0.log
-srvPort
63092
Successfully changed project path to: C:/Users/ahmet/OneDrive/Desktop/Unity/Junior Programmer Course/Mission 4/Final Game
C:/Users/ahmet/OneDrive/Desktop/Unity/Junior Programmer Course/Mission 4/Final Game
Using Asset Import Pipeline V2.
Refreshing native plugins compatible for Editor in 18.96 ms, found 0 plugins.
Preloading 0 native plugins for Editor in 0.00 ms.
Initialize engine version: 2020.3.8f1 (507919d4fff5)
[Subsystems] Discovering subsystems at path C:/Users/ahmet/AppData/Roaming/Microsoft/Windows/Start Menu/Programs/Visual Studio Code/2020.3.8f1/Editor/Data/Resources/UnitySubsystems
[Subsystems] Discovering subsystems at path C:/Users/ahmet/OneDrive/Desktop/Unity/Junior Programmer Course/Mission 4/Final Game/Assets
GfxDevice: creating device client; threaded=0
Direct3D:
    Version:  Direct3D 11.0 [level 11.1]
    Renderer: NVIDIA GeForce GTX 1650 Ti (ID=0x1f95)
    Vendor:   
    VRAM:     3962 MB
    Driver:   27.21.14.6109
Initialize mono
Mono path[0] = 'C:/Users/ahmet/AppData/Roaming/Microsoft/Windows/Start Menu/Programs/Visual Studio Code/2020.3.8f1/Editor/Data/Managed'
Mono path[1] = 'C:/Users/ahmet/AppData/Roaming/Microsoft/Windows/Start Menu/Programs/Visual Studio Code/2020.3.8f1/Editor/Data/MonoBleedingEdge/lib/mono/unityjit'
Mono config path = 'C:/Users/ahmet/AppData/Roaming/Microsoft/Windows/Start Menu/Programs/Visual Studio Code/2020.3.8f1/Editor/Data/MonoBleedingEdge/etc'
Using monoOptions --debugger-agent=transport=dt_socket,embedding=1,server=y,suspend=n,address=127.0.0.1:56804
Begin MonoManager ReloadAssembly
Registering precompiled unity dll's ...
Register platform support module: C:/Users/ahmet/AppData/Roaming/Microsoft/Windows/Start Menu/Programs/Visual Studio Code/2020.3.8f1/Editor/Data/PlaybackEngines/WindowsStandaloneSupport/UnityEditor.WindowsStandalone.Extensions.dll
Registered in 0.001503 seconds.
Native extension for WindowsStandalone target not found
Refreshing native plugins compatible for Editor in 18.66 ms, found 0 plugins.
Preloading 0 native plugins for Editor in 0.00 ms.
Mono: successfully reloaded assembly
- Completed reload, in  1.065 seconds
Platform modules already initialized, skipping
Registering precompiled user dll's ...
Registered in 0.000521 seconds.
Begin MonoManager ReloadAssembly
Native extension for WindowsStandalone target not found
Refreshing native plugins compatible for Editor in 0.17 ms, found 0 plugins.
Preloading 0 native plugins for Editor in 0.00 ms.
Mono: successfully reloaded assembly
- Completed reload, in  0.691 seconds
Platform modules already initialized, skipping
========================================================================
Worker process is ready to serve import requests
Launched and connected shader compiler UnityShaderCompiler.exe after 0.03 seconds
Refreshing native plugins compatible for Editor in 0.17 ms, found 0 plugins.
Preloading 0 native plugins for Editor in 0.00 ms.
Unloading 1115 Unused Serialized files (Serialized files now loaded: 0)
System memory in use before: 57.5 MB.
System memory in use after: 57.5 MB.

Unloading 10 unused Assets to reduce memory usage. Loaded Objects now: 1557.
Total: 1.261400 ms (FindLiveObjects: 0.102100 ms CreateObjectMapping: 0.029600 ms MarkObjects: 1.076600 ms  DeleteObjects: 0.052200 ms)

========================================================================
Received Import Request.
  path: Assets
  artifactKey: Guid(00000000000000001000000000000000) Importer(815301076,1909f56bfc062723c751e8b465ee728b)
Start importing Assets using Guid(00000000000000001000000000000000) Importer(815301076,1909f56bfc062723c751e8b465ee728b)  -> (artifact id: '42d402b061de3733987d63b9cc3b64de') in 0.006986 seconds
  Import took 0.008394 seconds .

========================================================================
Received Import Request.
  Time since last request: 3.869062 seconds.
  path: Assets/Scripts
  artifactKey: Guid(2a316693aae98934c951ba5d608d825f) Importer(815301076,1909f56bfc062723c751e8b465ee728b)
Start importing Assets/Scripts using Guid(2a316693aae98934c951ba5d608d825f) Importer(815301076,1909f56bfc062723c751e8b465ee728b)  -> (artifact id: '6b7a6516258a7f56f24474eb90d522e8') in 0.019380 seconds
  Import took 0.023469 seconds .

========================================================================
Received Prepare
Registering precompiled user dll's ...
Registered in 0.000447 seconds.
Begin MonoManager ReloadAssembly
Native extension for WindowsStandalone target not found
Refreshing native plugins compatible for Editor in 0.17 ms, found 0 plugins.
Preloading 0 native plugins for Editor in 0.00 ms.
Mono: successfully reloaded assembly
- Completed reload, in  0.631 seconds
Platform modules already initialized, skipping
Refreshing native plugins compatible for Editor in 0.18 ms, found 0 plugins.
Preloading 0 native plugins for Editor in 0.00 ms.
Unloading 1111 Unused Serialized files (Serialized files now loaded: 0)
System memory in use before: 57.4 MB.
System memory in use after: 57.5 MB.

Unloading 5 unused Assets to reduce memory usage. Loaded Objects now: 1561.
Total: 1.343000 ms (FindLiveObjects: 0.112200 ms CreateObjectMapping: 0.030300 ms MarkObjects: 1.156100 ms  DeleteObjects: 0.043200 ms)

========================================================================
Received Import Request.
  Time since last request: 20.262691 seconds.
  path: Assets/Scripts/DefaultMonoBehaviourScript.cs
  artifactKey: Guid(0500829e2c64c3f409a287951eb52ba9) Importer(815301076,1909f56bfc062723c751e8b465ee728b)
Start importing Assets/Scripts/DefaultMonoBehaviourScript.cs using Guid(0500829e2c64c3f409a287951eb52ba9) Importer(815301076,1909f56bfc062723c751e8b465ee728b)  -> (artifact id: 'd6c06922eb542b609e0a403347c06cb5') in 0.024178 seconds
  Import took 0.025853 seconds .

========================================================================
Received Prepare
Registering precompiled user dll's ...
Registered in 0.000466 seconds.
Begin MonoManager ReloadAssembly
Native extension for WindowsStandalone target not found
Refreshing native plugins compatible for Editor in 0.17 ms, found 0 plugins.
Preloading 0 native plugins for Editor in 0.00 ms.
Mono: successfully reloaded assembly
- Completed reload, in  0.652 seconds
Platform modules already initialized, skipping
Refreshing native plugins compatible for Editor in 0.23 ms, found 0 plugins.
Preloading 0 native plugins for Editor in 0.00 ms.
Unloading 1111 Unused Serialized files (Serialized files now loaded: 0)
System memory in use before: 57.5 MB.
System memory in use after: 57.5 MB.

Unloading 5 unused Assets to reduce memory usage. Loaded Objects now: 1564.
Total: 1.461500 ms (FindLiveObjects: 0.102900 ms CreateObjectMapping: 0.025600 ms MarkObjects: 1.272200 ms  DeleteObjects: 0.060200 ms)

========================================================================
Received Import Request.
  Time since last request: 79.912824 seconds.
  path: Assets/Scripts/DefaultMonoBehaviourScript.cs
  artifactKey: Guid(0500829e2c64c3f409a287951eb52ba9) Importer(815301076,1909f56bfc062723c751e8b465ee728b)
Start importing Assets/Scripts/DefaultMonoBehaviourScript.cs using Guid(0500829e2c64c3f409a287951eb52ba9) Importer(815301076,1909f56bfc062723c751e8b465ee728b)  -> (artifact id: 'eda9e5a20bf64cbf62b02402a242e1dd') in 0.003479 seconds
  Import took 0.004848 seconds .

========================================================================
Received Prepare
Registering precompiled user dll's ...
Registered in 0.000611 seconds.
Begin MonoManager ReloadAssembly
Native extension for WindowsStandalone target not found
Refreshing native plugins compatible for Editor in 0.18 ms, found 0 plugins.
Preloading 0 native plugins for Editor in 0.00 ms.
Mono: successfully reloaded assembly
- Completed reload, in  0.654 seconds
Platform modules already initialized, skipping
Refreshing native plugins compatible for Editor in 0.18 ms, found 0 plugins.
Preloading 0 native plugins for Editor in 0.00 ms.
Unloading 1111 Unused Serialized files (Serialized files now loaded: 0)
System memory in use before: 57.5 MB.
System memory in use after: 57.5 MB.

Unloading 5 unused Assets to reduce memory usage. Loaded Objects now: 1567.
Total: 1.816300 ms (FindLiveObjects: 0.144500 ms CreateObjectMapping: 0.030800 ms MarkObjects: 1.589400 ms  DeleteObjects: 0.050800 ms)

========================================================================
Received Prepare
Registering precompiled user dll's ...
Registered in 0.000446 seconds.
Begin MonoManager ReloadAssembly
Native extension for WindowsStandalone target not found
Refreshing native plugins compatible for Editor in 0.17 ms, found 0 plugins.
Preloading 0 native plugins for Editor in 0.00 ms.
Mono: successfully reloaded assembly
- Completed reload, in  0.670 seconds
Platform modules already initialized, skipping
Refreshing native plugins compatible for Editor in 0.23 ms, found 0 plugins.
Preloading 0 native plugins for Editor in 0.00 ms.
Unloading 1110 Unused Serialized files (Serialized files now loaded: 0)
System memory in use before: 57.5 MB.
System memory in use after: 57.5 MB.

Unloading 6 unused Assets to reduce memory usage. Loaded Objects now: 1569.
Total: 1.844100 ms (FindLiveObjects: 0.127300 ms CreateObjectMapping: 0.061500 ms MarkObjects: 1.590600 ms  DeleteObjects: 0.063700 ms)

